<?xml version="1.0" encoding="UTF-8"?>
<testsuite name="com.example.WeatherAppProject.WeatherDataTest" tests="1" skipped="0" failures="0" errors="0" timestamp="2023-02-06T22:01:08" hostname="Albinots-MacBook-Air.local" time="0.012">
  <properties/>
  <testcase name="testWeatherData()" classname="com.example.WeatherAppProject.WeatherDataTest" time="0.012"/>
  <system-out><![CDATA[]]></system-out>
  <system-err><![CDATA[]]></system-err>
</testsuite>
